 DATA/Model_atlas
 Elevations (m)
 Constituents included: m2  s2  
 
     Lat       Lon        mm.dd.yyyy hh:mm:ss     z(m)   Depth(m)
 
 Predicted from local solution :HB                  
    59.7000  274.9000     07.22.2002 17:05:09     0.249   147.000
 Predicted from local solution :EC                  
    48.0000  298.3000     07.22.2002 17:05:09    -0.018    58.003
 Predicted from local solution :CAGoM               
    29.2633  270.0433     07.22.2002 17:05:09     0.017     3.982
 Predicted from local solution :AmS                 
    -1.1830  311.5330     07.22.2002 17:05:09    -0.959    12.074
 Predicted from global solution
   -29.6760   59.5502     09.18.2001 07:39:51     0.360  3561.004
   -29.6760   59.5502     09.28.2001 05:38:54     0.169  3561.004
   -29.6760   59.5502     10.08.2001 03:37:16    -0.178  3561.004
   -29.6760   59.5502     10.18.2001 01:35:38    -0.346  3561.004
   -29.6760   59.5502     10.27.2001 23:33:59    -0.183  3561.004
   -29.6760   59.5502     11.06.2001 21:33:03     0.149  3561.004
   -29.6760   59.5502     11.16.2001 19:31:24     0.329  3561.004
   -29.6760   59.5502     11.26.2001 17:29:46     0.193  3561.004
   -29.6760   59.5502     12.06.2001 15:28:08    -0.119  3561.004
   -29.6760   59.5502     12.16.2001 13:27:11    -0.307  3561.004
 Predicted from local solution :PatS                
   -35.1000  302.8667     04.24.2002 11:18:31    -0.064     5.999
   -35.1000  302.8667     05.04.2002 09:16:53     0.240     5.999
   -35.1000  302.8667     05.14.2002 07:15:14     0.322     5.999
   -35.1000  302.8667     05.24.2002 05:14:18     0.103     5.999
   -35.1000  302.8667     06.03.2002 03:12:39    -0.209     5.999
   -35.1000  302.8667     06.13.2002 01:11:01    -0.328     5.999
   -35.1000  302.8667     06.22.2002 23:09:23    -0.143     5.999
   -35.1000  302.8667     07.02.2002 21:08:26     0.175     5.999
   -35.1000  302.8667     07.12.2002 19:06:48     0.329     5.999
   -35.1000  302.8667     07.22.2002 17:05:09     0.178     5.999
 Predicted from local solution :Ind                 
     9.7958  103.4719     03.18.2002 04:29:18    -0.004    28.938
     9.7958  103.4719     03.28.2002 02:28:22     0.035    28.938
     9.7958  103.4719     04.07.2002 00:26:43     0.041    28.938
     9.7958  103.4719     05.06.2002 18:21:48    -0.040    28.938
     9.7958  103.4719     05.16.2002 16:20:52    -0.017    28.938
     9.7958  103.4719     05.26.2002 14:19:13     0.019    28.938
     9.7958  103.4719     06.05.2002 12:17:35     0.038    28.938
     9.7958  103.4719     06.15.2002 10:15:56     0.023    28.938
