------------------------------------------------------------
 Model:        tpxo7
 Constituents included: m2  s2  n2  k2  k1  o1  p1  q1  mf  mm  m4  ms4 mn4 
 
     Lat       Lon        mm.dd.yyyy hh:mm:ss     z(m)   Depth(m)
 
     9.7958  103.4719
                          06.21.2000 00:00:00    -0.249    30.201
                          06.21.2000 01:00:00    -0.252    30.201
                          06.21.2000 02:00:00    -0.228    30.201
                          06.21.2000 03:00:00    -0.184    30.201
                          06.21.2000 04:00:00    -0.134    30.201
                          06.21.2000 05:00:00    -0.085    30.201
                          06.21.2000 06:00:00    -0.042    30.201
                          06.21.2000 07:00:00    -0.007    30.201
                          06.21.2000 08:00:00     0.021    30.201
                          06.21.2000 09:00:00     0.042    30.201
                          06.21.2000 10:00:00     0.057    30.201
                          06.21.2000 11:00:00     0.072    30.201
                          06.21.2000 12:00:00     0.090    30.201
                          06.21.2000 13:00:00     0.115    30.201
                          06.21.2000 14:00:00     0.144    30.201
                          06.21.2000 15:00:00     0.169    30.201
                          06.21.2000 16:00:00     0.181    30.201
                          06.21.2000 17:00:00     0.172    30.201
                          06.21.2000 18:00:00     0.140    30.201
                          06.21.2000 19:00:00     0.088    30.201
                          06.21.2000 20:00:00     0.024    30.201
                          06.21.2000 21:00:00    -0.048    30.201
                          06.21.2000 22:00:00    -0.119    30.201
                          06.21.2000 23:00:00    -0.181    30.201
                          06.22.2000 00:00:00    -0.223    30.201
                          06.22.2000 01:00:00    -0.238    30.201
                          06.22.2000 02:00:00    -0.226    30.201
                          06.22.2000 03:00:00    -0.191    30.201
                          06.22.2000 04:00:00    -0.143    30.201
                          06.22.2000 05:00:00    -0.094    30.201
                          06.22.2000 06:00:00    -0.050    30.201
                          06.22.2000 07:00:00    -0.013    30.201
                          06.22.2000 08:00:00     0.015    30.201
                          06.22.2000 09:00:00     0.035    30.201
                          06.22.2000 10:00:00     0.050    30.201
                          06.22.2000 11:00:00     0.061    30.201
                          06.22.2000 12:00:00     0.072    30.201
                          06.22.2000 13:00:00     0.089    30.201
                          06.22.2000 14:00:00     0.112    30.201
                          06.22.2000 15:00:00     0.136    30.201
                          06.22.2000 16:00:00     0.153    30.201
                          06.22.2000 17:00:00     0.155    30.201
                          06.22.2000 18:00:00     0.136    30.201
                          06.22.2000 19:00:00     0.098    30.201
                          06.22.2000 20:00:00     0.044    30.201
                          06.22.2000 21:00:00    -0.019    30.201
                          06.22.2000 22:00:00    -0.084    30.201
                          06.22.2000 23:00:00    -0.144    30.201
                          06.23.2000 00:00:00    -0.191    30.201
                          06.23.2000 01:00:00    -0.216    30.201
                          06.23.2000 02:00:00    -0.216    30.201
                          06.23.2000 03:00:00    -0.191    30.201
                          06.23.2000 04:00:00    -0.149    30.201
                          06.23.2000 05:00:00    -0.100    30.201
                          06.23.2000 06:00:00    -0.053    30.201
                          06.23.2000 07:00:00    -0.014    30.201
                          06.23.2000 08:00:00     0.017    30.201
                          06.23.2000 09:00:00     0.039    30.201
                          06.23.2000 10:00:00     0.053    30.201
                          06.23.2000 11:00:00     0.061    30.201
                          06.23.2000 12:00:00     0.067    30.201
                          06.23.2000 13:00:00     0.074    30.201
                          06.23.2000 14:00:00     0.086    30.201
                          06.23.2000 15:00:00     0.102    30.201
                          06.23.2000 16:00:00     0.118    30.201
                          06.23.2000 17:00:00     0.125    30.201
                          06.23.2000 18:00:00     0.118    30.201
                          06.23.2000 19:00:00     0.094    30.201
                          06.23.2000 20:00:00     0.054    30.201
                          06.23.2000 21:00:00     0.003    30.201
                          06.23.2000 22:00:00    -0.052    30.201
                          06.23.2000 23:00:00    -0.106    30.201
                          06.24.2000 00:00:00    -0.153    30.201
                          06.24.2000 01:00:00    -0.185    30.201
                          06.24.2000 02:00:00    -0.195    30.201
                          06.24.2000 03:00:00    -0.183    30.201
                          06.24.2000 04:00:00    -0.150    30.201
                          06.24.2000 05:00:00    -0.105    30.201
                          06.24.2000 06:00:00    -0.058    30.201
                          06.24.2000 07:00:00    -0.014    30.201
                          06.24.2000 08:00:00     0.021    30.201
                          06.24.2000 09:00:00     0.046    30.201
                          06.24.2000 10:00:00     0.062    30.201
                          06.24.2000 11:00:00     0.070    30.201
                          06.24.2000 12:00:00     0.072    30.201
                          06.24.2000 13:00:00     0.070    30.201
                          06.24.2000 14:00:00     0.070    30.201
                          06.24.2000 15:00:00     0.074    30.201
                          06.24.2000 16:00:00     0.081    30.201
                          06.24.2000 17:00:00     0.087    30.201
                          06.24.2000 18:00:00     0.086    30.201
                          06.24.2000 19:00:00     0.075    30.201
                          06.24.2000 20:00:00     0.051    30.201
                          06.24.2000 21:00:00     0.016    30.201
                          06.24.2000 22:00:00    -0.026    30.201
                          06.24.2000 23:00:00    -0.069    30.201
                          06.25.2000 00:00:00    -0.110    30.201
                          06.25.2000 01:00:00    -0.142    30.201
                          06.25.2000 02:00:00    -0.160    30.201
                          06.25.2000 03:00:00    -0.160    30.201
                          06.25.2000 04:00:00    -0.141    30.201
                          06.25.2000 05:00:00    -0.106    30.201
                          06.25.2000 06:00:00    -0.062    30.201
                          06.25.2000 07:00:00    -0.017    30.201
                          06.25.2000 08:00:00     0.022    30.201
                          06.25.2000 09:00:00     0.052    30.201
                          06.25.2000 10:00:00     0.072    30.201
                          06.25.2000 11:00:00     0.082    30.201
                          06.25.2000 12:00:00     0.082    30.201
                          06.25.2000 13:00:00     0.075    30.201
                          06.25.2000 14:00:00     0.064    30.201
                          06.25.2000 15:00:00     0.053    30.201
                          06.25.2000 16:00:00     0.046    30.201
                          06.25.2000 17:00:00     0.043    30.201
                          06.25.2000 18:00:00     0.042    30.201
                          06.25.2000 19:00:00     0.038    30.201
                          06.25.2000 20:00:00     0.028    30.201
                          06.25.2000 21:00:00     0.012    30.201
                          06.25.2000 22:00:00    -0.011    30.201
                          06.25.2000 23:00:00    -0.037    30.201
                          06.26.2000 00:00:00    -0.065    30.201
                          06.26.2000 01:00:00    -0.090    30.201
                          06.26.2000 02:00:00    -0.109    30.201
                          06.26.2000 03:00:00    -0.117    30.201
                          06.26.2000 04:00:00    -0.111    30.201
                          06.26.2000 05:00:00    -0.091    30.201
                          06.26.2000 06:00:00    -0.058    30.201
                          06.26.2000 07:00:00    -0.019    30.201
                          06.26.2000 08:00:00     0.021    30.201
                          06.26.2000 09:00:00     0.055    30.201
                          06.26.2000 10:00:00     0.080    30.201
                          06.26.2000 11:00:00     0.093    30.201
                          06.26.2000 12:00:00     0.094    30.201
                          06.26.2000 13:00:00     0.084    30.201
                          06.26.2000 14:00:00     0.065    30.201
                          06.26.2000 15:00:00     0.042    30.201
                          06.26.2000 16:00:00     0.018    30.201
                          06.26.2000 17:00:00    -0.001    30.201
                          06.26.2000 18:00:00    -0.012    30.201
                          06.26.2000 19:00:00    -0.018    30.201
                          06.26.2000 20:00:00    -0.018    30.201
                          06.26.2000 21:00:00    -0.018    30.201
                          06.26.2000 22:00:00    -0.020    30.201
                          06.26.2000 23:00:00    -0.024    30.201
                          06.27.2000 00:00:00    -0.031    30.201
                          06.27.2000 01:00:00    -0.040    30.201
                          06.27.2000 02:00:00    -0.049    30.201
                          06.27.2000 03:00:00    -0.056    30.201
                          06.27.2000 04:00:00    -0.058    30.201
                          06.27.2000 05:00:00    -0.051    30.201
                          06.27.2000 06:00:00    -0.034    30.201
                          06.27.2000 07:00:00    -0.007    30.201
                          06.27.2000 08:00:00     0.026    30.201
                          06.27.2000 09:00:00     0.060    30.201
                          06.27.2000 10:00:00     0.087    30.201
                          06.27.2000 11:00:00     0.104    30.201
                          06.27.2000 12:00:00     0.108    30.201
                          06.27.2000 13:00:00     0.097    30.201
                          06.27.2000 14:00:00     0.074    30.201
                          06.27.2000 15:00:00     0.041    30.201
                          06.27.2000 16:00:00     0.002    30.201
                          06.27.2000 17:00:00    -0.036    30.201
                          06.27.2000 18:00:00    -0.067    30.201
                          06.27.2000 19:00:00    -0.084    30.201
                          06.27.2000 20:00:00    -0.087    30.201
                          06.27.2000 21:00:00    -0.078    30.201
                          06.27.2000 22:00:00    -0.062    30.201
                          06.27.2000 23:00:00    -0.042    30.201
                          06.28.2000 00:00:00    -0.024    30.201
                          06.28.2000 01:00:00    -0.009    30.201
                          06.28.2000 02:00:00     0.002    30.201
                          06.28.2000 03:00:00     0.007    30.201
                          06.28.2000 04:00:00     0.009    30.201
                          06.28.2000 05:00:00     0.010    30.201
                          06.28.2000 06:00:00     0.014    30.201
                          06.28.2000 07:00:00     0.026    30.201
                          06.28.2000 08:00:00     0.047    30.201
                          06.28.2000 09:00:00     0.074    30.201
                          06.28.2000 10:00:00     0.101    30.201
                          06.28.2000 11:00:00     0.120    30.201
                          06.28.2000 12:00:00     0.127    30.201
                          06.28.2000 13:00:00     0.118    30.201
                          06.28.2000 14:00:00     0.093    30.201
                          06.28.2000 15:00:00     0.053    30.201
                          06.28.2000 16:00:00     0.002    30.201
                          06.28.2000 17:00:00    -0.054    30.201
                          06.28.2000 18:00:00    -0.107    30.201
                          06.28.2000 19:00:00    -0.147    30.201
                          06.28.2000 20:00:00    -0.166    30.201
                          06.28.2000 21:00:00    -0.162    30.201
                          06.28.2000 22:00:00    -0.138    30.201
                          06.28.2000 23:00:00    -0.101    30.201
                          06.29.2000 00:00:00    -0.058    30.201
                          06.29.2000 01:00:00    -0.016    30.201
                          06.29.2000 02:00:00     0.021    30.201
                          06.29.2000 03:00:00     0.049    30.201
                          06.29.2000 04:00:00     0.067    30.201
                          06.29.2000 05:00:00     0.075    30.201
                          06.29.2000 06:00:00     0.077    30.201
                          06.29.2000 07:00:00     0.079    30.201
                          06.29.2000 08:00:00     0.086    30.201
                          06.29.2000 09:00:00     0.102    30.201
                          06.29.2000 10:00:00     0.124    30.201
                          06.29.2000 11:00:00     0.144    30.201
                          06.29.2000 12:00:00     0.154    30.201
                          06.29.2000 13:00:00     0.149    30.201
                          06.29.2000 14:00:00     0.125    30.201
                          06.29.2000 15:00:00     0.083    30.201
                          06.29.2000 16:00:00     0.025    30.201
                          06.29.2000 17:00:00    -0.045    30.201
                          06.29.2000 18:00:00    -0.119    30.201
                          06.29.2000 19:00:00    -0.185    30.201
                          06.29.2000 20:00:00    -0.230    30.201
                          06.29.2000 21:00:00    -0.247    30.201
                          06.29.2000 22:00:00    -0.232    30.201
                          06.29.2000 23:00:00    -0.191    30.201
   -29.6760   59.5502
                          06.21.2000 00:00:00     0.219  3774.277
                          06.21.2000 01:00:00     0.066  3774.277
                          06.21.2000 02:00:00    -0.096  3774.277
                          06.21.2000 03:00:00    -0.227  3774.277
                          06.21.2000 04:00:00    -0.297  3774.277
                          06.21.2000 05:00:00    -0.294  3774.277
                          06.21.2000 06:00:00    -0.224  3774.277
                          06.21.2000 07:00:00    -0.110  3774.277
                          06.21.2000 08:00:00     0.017  3774.277
                          06.21.2000 09:00:00     0.123  3774.277
                          06.21.2000 10:00:00     0.181  3774.277
                          06.21.2000 11:00:00     0.177  3774.277
                          06.21.2000 12:00:00     0.111  3774.277
                          06.21.2000 13:00:00     0.004  3774.277
                          06.21.2000 14:00:00    -0.115  3774.277
                          06.21.2000 15:00:00    -0.209  3774.277
                          06.21.2000 16:00:00    -0.251  3774.277
                          06.21.2000 17:00:00    -0.226  3774.277
                          06.21.2000 18:00:00    -0.139  3774.277
                          06.21.2000 19:00:00    -0.010  3774.277
                          06.21.2000 20:00:00     0.131  3774.277
                          06.21.2000 21:00:00     0.252  3774.277
                          06.21.2000 22:00:00     0.323  3774.277
                          06.21.2000 23:00:00     0.327  3774.277
                          06.22.2000 00:00:00     0.261  3774.277
                          06.22.2000 01:00:00     0.140  3774.277
                          06.22.2000 02:00:00    -0.008  3774.277
                          06.22.2000 03:00:00    -0.146  3774.277
                          06.22.2000 04:00:00    -0.243  3774.277
                          06.22.2000 05:00:00    -0.279  3774.277
                          06.22.2000 06:00:00    -0.249  3774.277
                          06.22.2000 07:00:00    -0.168  3774.277
                          06.22.2000 08:00:00    -0.058  3774.277
                          06.22.2000 09:00:00     0.051  3774.277
                          06.22.2000 10:00:00     0.132  3774.277
                          06.22.2000 11:00:00     0.165  3774.277
                          06.22.2000 12:00:00     0.142  3774.277
                          06.22.2000 13:00:00     0.070  3774.277
                          06.22.2000 14:00:00    -0.031  3774.277
                          06.22.2000 15:00:00    -0.128  3774.277
                          06.22.2000 16:00:00    -0.193  3774.277
                          06.22.2000 17:00:00    -0.206  3774.277
                          06.22.2000 18:00:00    -0.161  3774.277
                          06.22.2000 19:00:00    -0.069  3774.277
                          06.22.2000 20:00:00     0.048  3774.277
                          06.22.2000 21:00:00     0.165  3774.277
                          06.22.2000 22:00:00     0.253  3774.277
                          06.22.2000 23:00:00     0.293  3774.277
                          06.23.2000 00:00:00     0.271  3774.277
                          06.23.2000 01:00:00     0.192  3774.277
                          06.23.2000 02:00:00     0.073  3774.277
                          06.23.2000 03:00:00    -0.059  3774.277
                          06.23.2000 04:00:00    -0.171  3774.277
                          06.23.2000 05:00:00    -0.238  3774.277
                          06.23.2000 06:00:00    -0.249  3774.277
                          06.23.2000 07:00:00    -0.206  3774.277
                          06.23.2000 08:00:00    -0.125  3774.277
                          06.23.2000 09:00:00    -0.027  3774.277
                          06.23.2000 10:00:00     0.064  3774.277
                          06.23.2000 11:00:00     0.126  3774.277
                          06.23.2000 12:00:00     0.145  3774.277
                          06.23.2000 13:00:00     0.116  3774.277
                          06.23.2000 14:00:00     0.049  3774.277
                          06.23.2000 15:00:00    -0.036  3774.277
                          06.23.2000 16:00:00    -0.111  3774.277
                          06.23.2000 17:00:00    -0.154  3774.277
                          06.23.2000 18:00:00    -0.151  3774.277
                          06.23.2000 19:00:00    -0.103  3774.277
                          06.23.2000 20:00:00    -0.021  3774.277
                          06.23.2000 21:00:00     0.075  3774.277
                          06.23.2000 22:00:00     0.165  3774.277
                          06.23.2000 23:00:00     0.227  3774.277
                          06.24.2000 00:00:00     0.245  3774.277
                          06.24.2000 01:00:00     0.213  3774.277
                          06.24.2000 02:00:00     0.134  3774.277
                          06.24.2000 03:00:00     0.026  3774.277
                          06.24.2000 04:00:00    -0.085  3774.277
                          06.24.2000 05:00:00    -0.173  3774.277
                          06.24.2000 06:00:00    -0.221  3774.277
                          06.24.2000 07:00:00    -0.220  3774.277
                          06.24.2000 08:00:00    -0.177  3774.277
                          06.24.2000 09:00:00    -0.104  3774.277
                          06.24.2000 10:00:00    -0.018  3774.277
                          06.24.2000 11:00:00     0.062  3774.277
                          06.24.2000 12:00:00     0.117  3774.277
                          06.24.2000 13:00:00     0.135  3774.277
                          06.24.2000 14:00:00     0.112  3774.277
                          06.24.2000 15:00:00     0.058  3774.277
                          06.24.2000 16:00:00    -0.011  3774.277
                          06.24.2000 17:00:00    -0.071  3774.277
                          06.24.2000 18:00:00    -0.105  3774.277
                          06.24.2000 19:00:00    -0.103  3774.277
                          06.24.2000 20:00:00    -0.067  3774.277
                          06.24.2000 21:00:00    -0.006  3774.277
                          06.24.2000 22:00:00     0.066  3774.277
                          06.24.2000 23:00:00     0.135  3774.277
                          06.25.2000 00:00:00     0.182  3774.277
                          06.25.2000 01:00:00     0.195  3774.277
                          06.25.2000 02:00:00     0.165  3774.277
                          06.25.2000 03:00:00     0.097  3774.277
                          06.25.2000 04:00:00     0.005  3774.277
                          06.25.2000 05:00:00    -0.088  3774.277
                          06.25.2000 06:00:00    -0.163  3774.277
                          06.25.2000 07:00:00    -0.203  3774.277
                          06.25.2000 08:00:00    -0.205  3774.277
                          06.25.2000 09:00:00    -0.169  3774.277
                          06.25.2000 10:00:00    -0.104  3774.277
                          06.25.2000 11:00:00    -0.025  3774.277
                          06.25.2000 12:00:00     0.055  3774.277
                          06.25.2000 13:00:00     0.115  3774.277
                          06.25.2000 14:00:00     0.144  3774.277
                          06.25.2000 15:00:00     0.135  3774.277
                          06.25.2000 16:00:00     0.095  3774.277
                          06.25.2000 17:00:00     0.037  3774.277
                          06.25.2000 18:00:00    -0.021  3774.277
                          06.25.2000 19:00:00    -0.062  3774.277
                          06.25.2000 20:00:00    -0.077  3774.277
                          06.25.2000 21:00:00    -0.065  3774.277
                          06.25.2000 22:00:00    -0.027  3774.277
                          06.25.2000 23:00:00     0.028  3774.277
                          06.26.2000 00:00:00     0.087  3774.277
                          06.26.2000 01:00:00     0.134  3774.277
                          06.26.2000 02:00:00     0.154  3774.277
                          06.26.2000 03:00:00     0.138  3774.277
                          06.26.2000 04:00:00     0.085  3774.277
                          06.26.2000 05:00:00     0.008  3774.277
                          06.26.2000 06:00:00    -0.077  3774.277
                          06.26.2000 07:00:00    -0.150  3774.277
                          06.26.2000 08:00:00    -0.197  3774.277
                          06.26.2000 09:00:00    -0.209  3774.277
                          06.26.2000 10:00:00    -0.183  3774.277
                          06.26.2000 11:00:00    -0.123  3774.277
                          06.26.2000 12:00:00    -0.038  3774.277
                          06.26.2000 13:00:00     0.053  3774.277
                          06.26.2000 14:00:00     0.131  3774.277
                          06.26.2000 15:00:00     0.178  3774.277
                          06.26.2000 16:00:00     0.185  3774.277
                          06.26.2000 17:00:00     0.153  3774.277
                          06.26.2000 18:00:00     0.094  3774.277
                          06.26.2000 19:00:00     0.024  3774.277
                          06.26.2000 20:00:00    -0.040  3774.277
                          06.26.2000 21:00:00    -0.083  3774.277
                          06.26.2000 22:00:00    -0.097  3774.277
                          06.26.2000 23:00:00    -0.078  3774.277
                          06.27.2000 00:00:00    -0.030  3774.277
                          06.27.2000 01:00:00     0.034  3774.277
                          06.27.2000 02:00:00     0.095  3774.277
                          06.27.2000 03:00:00     0.134  3774.277
                          06.27.2000 04:00:00     0.136  3774.277
                          06.27.2000 05:00:00     0.098  3774.277
                          06.27.2000 06:00:00     0.026  3774.277
                          06.27.2000 07:00:00    -0.061  3774.277
                          06.27.2000 08:00:00    -0.146  3774.277
                          06.27.2000 09:00:00    -0.208  3774.277
                          06.27.2000 10:00:00    -0.234  3774.277
                          06.27.2000 11:00:00    -0.214  3774.277
                          06.27.2000 12:00:00    -0.148  3774.277
                          06.27.2000 13:00:00    -0.048  3774.277
                          06.27.2000 14:00:00     0.067  3774.277
                          06.27.2000 15:00:00     0.169  3774.277
                          06.27.2000 16:00:00     0.236  3774.277
                          06.27.2000 17:00:00     0.253  3774.277
                          06.27.2000 18:00:00     0.219  3774.277
                          06.27.2000 19:00:00     0.145  3774.277
                          06.27.2000 20:00:00     0.048  3774.277
                          06.27.2000 21:00:00    -0.048  3774.277
                          06.27.2000 22:00:00    -0.122  3774.277
                          06.27.2000 23:00:00    -0.157  3774.277
                          06.28.2000 00:00:00    -0.146  3774.277
                          06.28.2000 01:00:00    -0.091  3774.277
                          06.28.2000 02:00:00    -0.008  3774.277
                          06.28.2000 03:00:00     0.078  3774.277
                          06.28.2000 04:00:00     0.139  3774.277
                          06.28.2000 05:00:00     0.158  3774.277
                          06.28.2000 06:00:00     0.126  3774.277
                          06.28.2000 07:00:00     0.050  3774.277
                          06.28.2000 08:00:00    -0.052  3774.277
                          06.28.2000 09:00:00    -0.157  3774.277
                          06.28.2000 10:00:00    -0.239  3774.277
                          06.28.2000 11:00:00    -0.275  3774.277
                          06.28.2000 12:00:00    -0.252  3774.277
                          06.28.2000 13:00:00    -0.170  3774.277
                          06.28.2000 14:00:00    -0.043  3774.277
                          06.28.2000 15:00:00     0.101  3774.277
                          06.28.2000 16:00:00     0.228  3774.277
                          06.28.2000 17:00:00     0.309  3774.277
                          06.28.2000 18:00:00     0.327  3774.277
                          06.28.2000 19:00:00     0.278  3774.277
                          06.28.2000 20:00:00     0.176  3774.277
                          06.28.2000 21:00:00     0.044  3774.277
                          06.28.2000 22:00:00    -0.087  3774.277
                          06.28.2000 23:00:00    -0.187  3774.277
                          06.29.2000 00:00:00    -0.233  3774.277
                          06.29.2000 01:00:00    -0.215  3774.277
                          06.29.2000 02:00:00    -0.139  3774.277
                          06.29.2000 03:00:00    -0.029  3774.277
                          06.29.2000 04:00:00     0.085  3774.277
                          06.29.2000 05:00:00     0.167  3774.277
                          06.29.2000 06:00:00     0.195  3774.277
                          06.29.2000 07:00:00     0.160  3774.277
                          06.29.2000 08:00:00     0.068  3774.277
                          06.29.2000 09:00:00    -0.058  3774.277
                          06.29.2000 10:00:00    -0.186  3774.277
                          06.29.2000 11:00:00    -0.284  3774.277
                          06.29.2000 12:00:00    -0.322  3774.277
                          06.29.2000 13:00:00    -0.285  3774.277
                          06.29.2000 14:00:00    -0.176  3774.277
                          06.29.2000 15:00:00    -0.018  3774.277
                          06.29.2000 16:00:00     0.155  3774.277
                          06.29.2000 17:00:00     0.301  3774.277
                          06.29.2000 18:00:00     0.386  3774.277
                          06.29.2000 19:00:00     0.391  3774.277
                          06.29.2000 20:00:00     0.316  3774.277
                          06.29.2000 21:00:00     0.178  3774.277
                          06.29.2000 22:00:00     0.009  3774.277
                          06.29.2000 23:00:00    -0.151  3774.277
     2.0210   72.2950
                          06.21.2000 00:00:00    -0.023  3615.929
                          06.21.2000 01:00:00    -0.156  3615.929
                          06.21.2000 02:00:00    -0.287  3615.929
                          06.21.2000 03:00:00    -0.379  3615.929
                          06.21.2000 04:00:00    -0.404  3615.929
                          06.21.2000 05:00:00    -0.351  3615.929
                          06.21.2000 06:00:00    -0.230  3615.929
                          06.21.2000 07:00:00    -0.066  3615.929
                          06.21.2000 08:00:00     0.107  3615.929
                          06.21.2000 09:00:00     0.257  3615.929
                          06.21.2000 10:00:00     0.354  3615.929
                          06.21.2000 11:00:00     0.381  3615.929
                          06.21.2000 12:00:00     0.335  3615.929
                          06.21.2000 13:00:00     0.231  3615.929
                          06.21.2000 14:00:00     0.096  3615.929
                          06.21.2000 15:00:00    -0.034  3615.929
                          06.21.2000 16:00:00    -0.126  3615.929
                          06.21.2000 17:00:00    -0.162  3615.929
                          06.21.2000 18:00:00    -0.141  3615.929
                          06.21.2000 19:00:00    -0.078  3615.929
                          06.21.2000 20:00:00     0.002  3615.929
                          06.21.2000 21:00:00     0.072  3615.929
                          06.21.2000 22:00:00     0.108  3615.929
                          06.21.2000 23:00:00     0.097  3615.929
                          06.22.2000 00:00:00     0.035  3615.929
                          06.22.2000 01:00:00    -0.067  3615.929
                          06.22.2000 02:00:00    -0.184  3615.929
                          06.22.2000 03:00:00    -0.285  3615.929
                          06.22.2000 04:00:00    -0.340  3615.929
                          06.22.2000 05:00:00    -0.330  3615.929
                          06.22.2000 06:00:00    -0.252  3615.929
                          06.22.2000 07:00:00    -0.122  3615.929
                          06.22.2000 08:00:00     0.033  3615.929
                          06.22.2000 09:00:00     0.181  3615.929
                          06.22.2000 10:00:00     0.295  3615.929
                          06.22.2000 11:00:00     0.353  3615.929
                          06.22.2000 12:00:00     0.345  3615.929
                          06.22.2000 13:00:00     0.277  3615.929
                          06.22.2000 14:00:00     0.165  3615.929
                          06.22.2000 15:00:00     0.038  3615.929
                          06.22.2000 16:00:00    -0.072  3615.929
                          06.22.2000 17:00:00    -0.140  3615.929
                          06.22.2000 18:00:00    -0.155  3615.929
                          06.22.2000 19:00:00    -0.122  3615.929
                          06.22.2000 20:00:00    -0.059  3615.929
                          06.22.2000 21:00:00     0.011  3615.929
                          06.22.2000 22:00:00     0.065  3615.929
                          06.22.2000 23:00:00     0.086  3615.929
                          06.23.2000 00:00:00     0.065  3615.929
                          06.23.2000 01:00:00     0.003  3615.929
                          06.23.2000 02:00:00    -0.086  3615.929
                          06.23.2000 03:00:00    -0.178  3615.929
                          06.23.2000 04:00:00    -0.248  3615.929
                          06.23.2000 05:00:00    -0.270  3615.929
                          06.23.2000 06:00:00    -0.236  3615.929
                          06.23.2000 07:00:00    -0.148  3615.929
                          06.23.2000 08:00:00    -0.025  3615.929
                          06.23.2000 09:00:00     0.107  3615.929
                          06.23.2000 10:00:00     0.224  3615.929
                          06.23.2000 11:00:00     0.301  3615.929
                          06.23.2000 12:00:00     0.326  3615.929
                          06.23.2000 13:00:00     0.295  3615.929
                          06.23.2000 14:00:00     0.215  3615.929
                          06.23.2000 15:00:00     0.105  3615.929
                          06.23.2000 16:00:00    -0.008  3615.929
                          06.23.2000 17:00:00    -0.099  3615.929
                          06.23.2000 18:00:00    -0.149  3615.929
                          06.23.2000 19:00:00    -0.152  3615.929
                          06.23.2000 20:00:00    -0.116  3615.929
                          06.23.2000 21:00:00    -0.058  3615.929
                          06.23.2000 22:00:00     0.003  3615.929
                          06.23.2000 23:00:00     0.048  3615.929
                          06.24.2000 00:00:00     0.064  3615.929
                          06.24.2000 01:00:00     0.046  3615.929
                          06.24.2000 02:00:00    -0.003  3615.929
                          06.24.2000 03:00:00    -0.071  3615.929
                          06.24.2000 04:00:00    -0.136  3615.929
                          06.24.2000 05:00:00    -0.178  3615.929
                          06.24.2000 06:00:00    -0.181  3615.929
                          06.24.2000 07:00:00    -0.139  3615.929
                          06.24.2000 08:00:00    -0.058  3615.929
                          06.24.2000 09:00:00     0.044  3615.929
                          06.24.2000 10:00:00     0.148  3615.929
                          06.24.2000 11:00:00     0.232  3615.929
                          06.24.2000 12:00:00     0.280  3615.929
                          06.24.2000 13:00:00     0.282  3615.929
                          06.24.2000 14:00:00     0.237  3615.929
                          06.24.2000 15:00:00     0.155  3615.929
                          06.24.2000 16:00:00     0.053  3615.929
                          06.24.2000 17:00:00    -0.048  3615.929
                          06.24.2000 18:00:00    -0.125  3615.929
                          06.24.2000 19:00:00    -0.164  3615.929
                          06.24.2000 20:00:00    -0.164  3615.929
                          06.24.2000 21:00:00    -0.130  3615.929
                          06.24.2000 22:00:00    -0.075  3615.929
                          06.24.2000 23:00:00    -0.017  3615.929
                          06.25.2000 00:00:00     0.030  3615.929
                          06.25.2000 01:00:00     0.054  3615.929
                          06.25.2000 02:00:00     0.052  3615.929
                          06.25.2000 03:00:00     0.025  3615.929
                          06.25.2000 04:00:00    -0.019  3615.929
                          06.25.2000 05:00:00    -0.062  3615.929
                          06.25.2000 06:00:00    -0.090  3615.929
                          06.25.2000 07:00:00    -0.089  3615.929
                          06.25.2000 08:00:00    -0.056  3615.929
                          06.25.2000 09:00:00     0.005  3615.929
                          06.25.2000 10:00:00     0.080  3615.929
                          06.25.2000 11:00:00     0.154  3615.929
                          06.25.2000 12:00:00     0.211  3615.929
                          06.25.2000 13:00:00     0.239  3615.929
                          06.25.2000 14:00:00     0.229  3615.929
                          06.25.2000 15:00:00     0.181  3615.929
                          06.25.2000 16:00:00     0.102  3615.929
                          06.25.2000 17:00:00     0.007  3615.929
                          06.25.2000 18:00:00    -0.086  3615.929
                          06.25.2000 19:00:00    -0.158  3615.929
                          06.25.2000 20:00:00    -0.196  3615.929
                          06.25.2000 21:00:00    -0.197  3615.929
                          06.25.2000 22:00:00    -0.164  3615.929
                          06.25.2000 23:00:00    -0.107  3615.929
                          06.26.2000 00:00:00    -0.041  3615.929
                          06.26.2000 01:00:00     0.022  3615.929
                          06.26.2000 02:00:00     0.068  3615.929
                          06.26.2000 03:00:00     0.091  3615.929
                          06.26.2000 04:00:00     0.087  3615.929
                          06.26.2000 05:00:00     0.063  3615.929
                          06.26.2000 06:00:00     0.030  3615.929
                          06.26.2000 07:00:00     0.002  3615.929
                          06.26.2000 08:00:00    -0.010  3615.929
                          06.26.2000 09:00:00     0.001  3615.929
                          06.26.2000 10:00:00     0.034  3615.929
                          06.26.2000 11:00:00     0.082  3615.929
                          06.26.2000 12:00:00     0.133  3615.929
                          06.26.2000 13:00:00     0.174  3615.929
                          06.26.2000 14:00:00     0.192  3615.929
                          06.26.2000 15:00:00     0.180  3615.929
                          06.26.2000 16:00:00     0.134  3615.929
                          06.26.2000 17:00:00     0.058  3615.929
                          06.26.2000 18:00:00    -0.036  3615.929
                          06.26.2000 19:00:00    -0.130  3615.929
                          06.26.2000 20:00:00    -0.206  3615.929
                          06.26.2000 21:00:00    -0.249  3615.929
                          06.26.2000 22:00:00    -0.252  3615.929
                          06.26.2000 23:00:00    -0.214  3615.929
                          06.27.2000 00:00:00    -0.145  3615.929
                          06.27.2000 01:00:00    -0.057  3615.929
                          06.27.2000 02:00:00     0.033  3615.929
                          06.27.2000 03:00:00     0.110  3615.929
                          06.27.2000 04:00:00     0.160  3615.929
                          06.27.2000 05:00:00     0.176  3615.929
                          06.27.2000 06:00:00     0.161  3615.929
                          06.27.2000 07:00:00     0.124  3615.929
                          06.27.2000 08:00:00     0.080  3615.929
                          06.27.2000 09:00:00     0.043  3615.929
                          06.27.2000 10:00:00     0.025  3615.929
                          06.27.2000 11:00:00     0.032  3615.929
                          06.27.2000 12:00:00     0.059  3615.929
                          06.27.2000 13:00:00     0.097  3615.929
                          06.27.2000 14:00:00     0.134  3615.929
                          06.27.2000 15:00:00     0.154  3615.929
                          06.27.2000 16:00:00     0.145  3615.929
                          06.27.2000 17:00:00     0.100  3615.929
                          06.27.2000 18:00:00     0.022  3615.929
                          06.27.2000 19:00:00    -0.079  3615.929
                          06.27.2000 20:00:00    -0.184  3615.929
                          06.27.2000 21:00:00    -0.272  3615.929
                          06.27.2000 22:00:00    -0.322  3615.929
                          06.27.2000 23:00:00    -0.323  3615.929
                          06.28.2000 00:00:00    -0.272  3615.929
                          06.28.2000 01:00:00    -0.179  3615.929
                          06.28.2000 02:00:00    -0.059  3615.929
                          06.28.2000 03:00:00     0.067  3615.929
                          06.28.2000 04:00:00     0.176  3615.929
                          06.28.2000 05:00:00     0.249  3615.929
                          06.28.2000 06:00:00     0.276  3615.929
                          06.28.2000 07:00:00     0.257  3615.929
                          06.28.2000 08:00:00     0.202  3615.929
                          06.28.2000 09:00:00     0.130  3615.929
                          06.28.2000 10:00:00     0.063  3615.929
                          06.28.2000 11:00:00     0.019  3615.929
                          06.28.2000 12:00:00     0.006  3615.929
                          06.28.2000 13:00:00     0.024  3615.929
                          06.28.2000 14:00:00     0.063  3615.929
                          06.28.2000 15:00:00     0.105  3615.929
                          06.28.2000 16:00:00     0.133  3615.929
                          06.28.2000 17:00:00     0.128  3615.929
                          06.28.2000 18:00:00     0.081  3615.929
                          06.28.2000 19:00:00    -0.008  3615.929
                          06.28.2000 20:00:00    -0.126  3615.929
                          06.28.2000 21:00:00    -0.250  3615.929
                          06.28.2000 22:00:00    -0.351  3615.929
                          06.28.2000 23:00:00    -0.406  3615.929
                          06.29.2000 00:00:00    -0.398  3615.929
                          06.29.2000 01:00:00    -0.325  3615.929
                          06.29.2000 02:00:00    -0.198  3615.929
                          06.29.2000 03:00:00    -0.040  3615.929
                          06.29.2000 04:00:00     0.122  3615.929
                          06.29.2000 05:00:00     0.258  3615.929
                          06.29.2000 06:00:00     0.345  3615.929
                          06.29.2000 07:00:00     0.369  3615.929
                          06.29.2000 08:00:00     0.331  3615.929
                          06.29.2000 09:00:00     0.248  3615.929
                          06.29.2000 10:00:00     0.144  3615.929
                          06.29.2000 11:00:00     0.050  3615.929
                          06.29.2000 12:00:00    -0.012  3615.929
                          06.29.2000 13:00:00    -0.031  3615.929
                          06.29.2000 14:00:00    -0.008  3615.929
                          06.29.2000 15:00:00     0.042  3615.929
                          06.29.2000 16:00:00     0.098  3615.929
                          06.29.2000 17:00:00     0.134  3615.929
                          06.29.2000 18:00:00     0.130  3615.929
                          06.29.2000 19:00:00     0.073  3615.929
                          06.29.2000 20:00:00    -0.035  3615.929
                          06.29.2000 21:00:00    -0.177  3615.929
                          06.29.2000 22:00:00    -0.321  3615.929
                          06.29.2000 23:00:00    -0.435  3615.929
